{"C:\\Users\\Thinkpad\\OneDrive\\Documents\\BOOTCAMP\\Kelas\\Day-39\\backend-test\\server\\handlers\\assignment.js": {"path":"C:\\Users\\Thinkpad\\OneDrive\\Documents\\BOOTCAMP\\Kelas\\Day-39\\backend-test\\server\\handlers\\assignment.js","statementMap":{"0":{"start":{"line":1,"column":20},"end":{"line":1,"column":68}},"1":{"start":{"line":3,"column":18},"end":{"line":10,"column":1}},"2":{"start":{"line":4,"column":17},"end":{"line":4,"column":46}},"3":{"start":{"line":5,"column":2},"end":{"line":8,"column":5}},"4":{"start":{"line":9,"column":2},"end":{"line":9,"column":12}},"5":{"start":{"line":12,"column":19},"end":{"line":19,"column":1}},"6":{"start":{"line":13,"column":17},"end":{"line":13,"column":47}},"7":{"start":{"line":14,"column":2},"end":{"line":17,"column":5}},"8":{"start":{"line":18,"column":2},"end":{"line":18,"column":12}},"9":{"start":{"line":21,"column":0},"end":{"line":24,"column":2}}},"fnMap":{"0":{"name":"(anonymous_0)","decl":{"start":{"line":3,"column":18},"end":{"line":3,"column":19}},"loc":{"start":{"line":3,"column":38},"end":{"line":10,"column":1}},"line":3},"1":{"name":"(anonymous_1)","decl":{"start":{"line":12,"column":19},"end":{"line":12,"column":20}},"loc":{"start":{"line":12,"column":39},"end":{"line":19,"column":1}},"line":12}},"branchMap":{},"s":{"0":2,"1":2,"2":2,"3":2,"4":2,"5":2,"6":2,"7":2,"8":2,"9":2},"f":{"0":2,"1":2},"b":{},"_coverageSchema":"1a1c01bbd47fc00a2c39e90264f33305004495a9","hash":"c37eef18e33278f284f73edb363b856100534513"}
,"C:\\Users\\Thinkpad\\OneDrive\\Documents\\BOOTCAMP\\Kelas\\Day-39\\backend-test\\storage\\models\\assignment.model.js": {"path":"C:\\Users\\Thinkpad\\OneDrive\\Documents\\BOOTCAMP\\Kelas\\Day-39\\backend-test\\storage\\models\\assignment.model.js","statementMap":{"0":{"start":{"line":2,"column":13},"end":{"line":2,"column":32}},"1":{"start":{"line":3,"column":2},"end":{"line":3,"column":34}},"2":{"start":{"line":7,"column":13},"end":{"line":7,"column":37}},"3":{"start":{"line":8,"column":2},"end":{"line":8,"column":66}},"4":{"start":{"line":11,"column":0},"end":{"line":14,"column":2}}},"fnMap":{"0":{"name":"isWeekend","decl":{"start":{"line":1,"column":9},"end":{"line":1,"column":18}},"loc":{"start":{"line":1,"column":21},"end":{"line":4,"column":1}},"line":1},"1":{"name":"isLeapYear","decl":{"start":{"line":6,"column":9},"end":{"line":6,"column":19}},"loc":{"start":{"line":6,"column":22},"end":{"line":9,"column":1}},"line":6}},"branchMap":{"0":{"loc":{"start":{"line":3,"column":9},"end":{"line":3,"column":33}},"type":"binary-expr","locations":[{"start":{"line":3,"column":9},"end":{"line":3,"column":19}},{"start":{"line":3,"column":23},"end":{"line":3,"column":33}}],"line":3},"1":{"loc":{"start":{"line":8,"column":9},"end":{"line":8,"column":65}},"type":"binary-expr","locations":[{"start":{"line":8,"column":9},"end":{"line":8,"column":23}},{"start":{"line":8,"column":28},"end":{"line":8,"column":44}},{"start":{"line":8,"column":48},"end":{"line":8,"column":64}}],"line":8}},"s":{"0":1,"1":1,"2":1,"3":1,"4":1},"f":{"0":1,"1":1},"b":{"0":[1,1],"1":[1,1,1]},"_coverageSchema":"1a1c01bbd47fc00a2c39e90264f33305004495a9","hash":"0d562881f7804246da0d1efb98d613ab475bfe77"}
}
