TN:
SF:server\handlers\assignment.js
FN:3,(anonymous_0)
FN:12,(anonymous_1)
FNF:2
FNH:2
FNDA:2,(anonymous_0)
FNDA:2,(anonymous_1)
DA:1,2
DA:3,2
DA:4,2
DA:5,2
DA:9,2
DA:12,2
DA:13,2
DA:14,2
DA:18,2
DA:21,2
LF:10
LH:10
BRF:0
BRH:0
end_of_record
TN:
SF:storage\models\assignment.model.js
FN:1,isWeekend
FN:6,isLeapYear
FNF:2
FNH:2
FNDA:1,isWeekend
FNDA:1,isLeapYear
DA:2,1
DA:3,1
DA:7,1
DA:8,1
DA:11,1
LF:5
LH:5
BRDA:3,0,0,1
BRDA:3,0,1,1
BRDA:8,1,0,1
BRDA:8,1,1,1
BRDA:8,1,2,1
BRF:5
BRH:5
end_of_record
